make all --print-data-base --no-builtin-variables --no-builtin-rules --question
# GNU Make 4.3
# Built for x86_64-pc-linux-gnu
# Copyright (C) 1988-2020 Free Software Foundation, Inc.
# License GPLv3+: GNU GPL version 3 or later <http://gnu.org/licenses/gpl.html>
# This is free software: you are free to change and redistribute it.
# There is NO WARRANTY, to the extent permitted by law.

# Make data base, printed on Sat Oct 16 17:19:19 2021

# Variables

# environment
GDK_BACKEND = x11
# environment
LC_ALL = C
# environment
NO_AT_BRIDGE = 1
# environment
SNAP_INSTANCE_KEY = 
# environment
I3SOCK = /run/user/1000/i3/ipc-socket.2646
# environment
VSCODE_IPC_HOOK_EXTHOST = /run/user/1000/vscode-ipc-0f0780d1-10f1-4189-b855-6aa2394c4385.sock
# environment
MANDATORY_PATH = /usr/share/gconf/regolith.mandatory.path
# environment
VSCODE_CWD = /home/nifley
# environment
WINDOWPATH = 2
# default
MAKE_COMMAND := make
# environment
GTK3_MODULES = xapp-gtk3-module
# environment
QT_ACCESSIBILITY = 1
# environment
GOPATH = /home/nifley/go
# automatic
@D = $(patsubst %/,%,$(dir $@))
# environment
SNAP_INSTANCE_NAME = code
# environment
GDK_PIXBUF_MODULEDIR = /snap/code/77/usr/lib/x86_64-linux-gnu/gdk-pixbuf-2.0/2.10.0/loaders
# environment
VSCODE_HANDLES_UNCAUGHT_ERRORS = true
# default
.VARIABLES := 
# environment
PWD = /media/nifley/Storage/Coding/Graphics/SimpleShaderDisp
# automatic
%D = $(patsubst %/,%,$(dir $%))
# environment
EMU = gdm-session-wor
# environment
XDG_DATA_DIRS = /usr/share/regolith:/home/nifley/.local/share/flatpak/exports/share:/var/lib/flatpak/exports/share:/usr/local/share/:/usr/share/:/var/lib/snapd/desktop
# automatic
^D = $(patsubst %/,%,$(dir $^))
# environment
VSCODE_LOG_STACK = false
# automatic
%F = $(notdir $%)
# environment
VSCODE_CODE_CACHE_PATH = /home/nifley/.config/Code/CachedData/c13f1abb110fc756f9b3a6f16670df9cd9d4cf63
# environment
LANG = C
# environment
XAUTHORITY = /run/user/1000/gdm/Xauthority
# default
.LOADED := 
# default
.INCLUDE_DIRS = /usr/local/include /usr/include /usr/include
# makefile
MAKEFLAGS = pqrR
# makefile
CURDIR := /media/nifley/Storage/Coding/Graphics/SimpleShaderDisp
# environment
VSCODE_PIPE_LOGGING = true
# environment
APPLICATION_INSIGHTS_NO_DIAGNOSTIC_CHANNEL = true
# automatic
*D = $(patsubst %/,%,$(dir $*))
# environment
MFLAGS = -pqrR
# environment
SSH_AUTH_SOCK = /run/user/1000/keyring/ssh
# default
.SHELLFLAGS := -c
# environment
XDG_CONFIG_DIRS = /etc/xdg/xdg-regolith:/etc/xdg
# automatic
+D = $(patsubst %/,%,$(dir $+))
# environment
VSCODE_CRASH_REPORTER_START_OPTIONS = {"companyName":"Microsoft","productName":"VSCode","submitURL":"appcenter://code?aid=fba07a4d-84bd-4fc8-a125-9640fc8ce171&uid=e8d0439a-ed3a-4ad3-9eee-25abce5cc9c0&iid=e8d0439a-ed3a-4ad3-9eee-25abce5cc9c0&sid=e8d0439a-ed3a-4ad3-9eee-25abce5cc9c0","uploadToServer":true}
# environment
XDG_SESSION_DESKTOP = regolith
# makefile (from 'Makefile', line 1)
MAKEFILE_LIST := Makefile
# environment
SNAP_REEXEC = 
# automatic
@F = $(notdir $@)
# environment
VSCODE_VERBOSE_LOGGING = true
# environment
VSCODE_PID = 8295
# environment
XDG_SESSION_TYPE = x11
# automatic
?D = $(patsubst %/,%,$(dir $?))
# environment
SESSION_MANAGER = local/nifley-ubuntoo:@/tmp/.ICE-unix/2293,unix/nifley-ubuntoo:/tmp/.ICE-unix/2293
# automatic
*F = $(notdir $*)
# environment
CHROME_DESKTOP = code-url-handler.desktop
# environment
DBUS_SESSION_BUS_ADDRESS = unix:path=/run/user/1000/bus
# automatic
<D = $(patsubst %/,%,$(dir $<))
# environment
VSCODE_NLS_CONFIG = {"locale":"en-us","availableLanguages":{},"_languagePackSupport":true}
# environment
BREAKPAD_DUMP_LOCATION = /home/nifley/.config/Code/exthost Crash Reports
# default
MAKE_HOST := x86_64-pc-linux-gnu
# environment
GNOME_DESKTOP_SESSION_ID = this-is-deprecated
# makefile
SHELL = /bin/sh
# default
MAKECMDGOALS := all
# environment
XMODIFIERS = @im=ibus
# environment
SHLVL = 1
# environment
MAKELEVEL := 0
# default
MAKE = $(MAKE_COMMAND)
# environment
SNAP_COOKIE = Are9hT3q_ieMAbXdxO0fAoTYLLQ1LZxsyboanD8eMuxmDZEyXHbG
# environment
PATH = /home/nifley/.cargo/bin:/home/nifley/.local/bin:/home/nifley/bin:/usr/local/sbin:/usr/local/bin:/usr/sbin:/usr/bin:/sbin:/bin:/usr/games:/usr/local/games:/snap/bin:/snap/bin:/home/nifley/.dotnet/tools
# default
MAKEFILES := 
# automatic
^F = $(notdir $^)
# environment
SNAP_USER_COMMON = /home/nifley/snap/code/common
# environment
SNAP = /snap/code/77
# environment
SNAP_REVISION = 77
# environment
COMPIZ_CONFIG_PROFILE = gnome-flashback
# environment
SNAP_REAL_HOME = /home/nifley
# environment
VSCODE_LOG_NATIVE = false
# environment
USERNAME = nifley
# automatic
?F = $(notdir $?)
# environment
DESKTOP_AUTOSTART_ID = 10f29df47669abcc6a16343416523549500000022930016
# environment
XDG_CURRENT_DESKTOP = Regolith:GNOME-Flashback:GNOME
# automatic
+F = $(notdir $+)
# environment
DESKTOP_SESSION = regolith
# environment
ORIGINAL_XDG_CURRENT_DESKTOP = Regolith:GNOME-Flashback:GNOME
# 'override' directive
GNUMAKEFLAGS := 
# environment
LOGNAME = nifley
# environment
GIO_LAUNCHED_DESKTOP_FILE = /usr/share/applications/regolith.desktop
# environment
SNAP_ARCH = amd64
# makefile
.DEFAULT_GOAL := test
# environment
EDITOR = vim
# environment
DISPLAY = :1
# environment
USER = nifley
# environment
GTK_MODULES = gail:atk-bridge
# environment
DEFAULTS_PATH = /usr/share/gconf/regolith.default.path
# default
MAKE_VERSION := 4.3
# environment
DISABLE_WAYLAND = 1
# environment
SNAP_DATA = /var/snap/code/77
# environment
SNAP_CONTEXT = Are9hT3q_ieMAbXdxO0fAoTYLLQ1LZxsyboanD8eMuxmDZEyXHbG
# makefile (from 'Makefile', line 2)
LDFLAGS = -I./include -L./usr/local/include/SDL2 -lpthread -lsfml-graphics -lsfml-window -lsfml-system
# environment
GIO_LAUNCHED_DESKTOP_FILE_PID = 2576
# environment
XDG_RUNTIME_DIR = /run/user/1000
# makefile (from 'Makefile', line 1)
CFLAGS = -std=c++20 -g
# environment
GPG_AGENT_INFO = /run/user/1000/gnupg/S.gpg-agent:0:1
# environment
GDK_PIXBUF_MODULE_FILE = /home/nifley/snap/code/common/.cache/gdk-pixbuf-loaders.cache
# environment
GOMODCACHE = /home/nifley/go/pkg/mod
# environment
VISUAL = vim
# environment
XDG_SESSION_CLASS = user
# environment
VSCODE_AMD_ENTRYPOINT = vs/workbench/services/extensions/node/extensionHostProcess
# environment
HOME = /home/nifley
# environment
QT_IM_MODULE = ibus
# environment
ELECTRON_RUN_AS_NODE = 1
# environment
VSCODE_IPC_HOOK = /run/user/1000/vscode-8a43dfc5-1.61.1-main.sock
# environment
TERM = xterm-256color
# environment
SNAP_NAME = code
# environment
GSETTINGS_SCHEMA_DIR = /snap/code/77/usr/share/glib-2.0/schemas
# environment
GOPROXY = https://proxy.golang.org,direct
# default
.RECIPEPREFIX := 
# automatic
<F = $(notdir $<)
# environment
SNAP_VERSION = c13f1abb
# default
SUFFIXES := 
# environment
VSCODE_CLI = 1
# environment
ELECTRON_NO_ATTACH_CONSOLE = 1
# environment
SNAP_COMMON = /var/snap/code/common
# default
.FEATURES := target-specific order-only second-expansion else-if shortest-stem undefine oneshell nocomment grouped-target extra-prereqs archives jobserver output-sync check-symlink load
# environment
SNAP_USER_DATA = /home/nifley/snap/code/77
# environment
XDG_MENU_PREFIX = gnome-flashback-
# environment
MGFXC_WINE_PATH = /home/nifley/.winemonogame
# environment
GDMSESSION = regolith
# environment
SNAP_LIBRARY_PATH = /var/lib/snapd/lib/gl:/var/lib/snapd/lib/gl32:/var/lib/snapd/void
# variable set hash-table stats:
# Load=126/1024=12%, Rehash=0, Collisions=7/156=4%

# Pattern-specific Variable Values

# No pattern-specific variable values.

# Directories

# . (device 2065, inode 1362): 9 files, no impossibilities.

# 9 files, no impossibilities in 1 directories.

# Implicit Rules

# No implicit rules.

# Files

# Not a target:
Makefile:
#  Implicit rule search has been done.
#  Last modified 2021-10-16 17:18:47.36
#  File has been updated.
#  Successfully updated.

# Not a target:
 
make: *** No rule to make target 'all'.  Stop.
 
src/main.cpp:
#  Implicit rule search has not been done.
#  Modification time never checked.
#  File has not been updated.

clean:
#  Phony target (prerequisite of .PHONY).
#  Implicit rule search has not been done.
#  File does not exist.
#  File has not been updated.
#  recipe to execute (from 'Makefile', line 10):
	rm -f ssdisp

swatch: src/main.cpp
#  Implicit rule search has not been done.
#  Modification time never checked.
#  File has not been updated.
#  recipe to execute (from 'Makefile', line 13):
	clang++ $(CFLAGS) -o swatch ./src/main.cpp $(LDFLAGS)

# Not a target:
.DEFAULT:
#  Implicit rule search has not been done.
#  Modification time never checked.
#  File has not been updated.

# Not a target:
all:
#  Command line target.
#  Implicit rule search has been done.
#  File does not exist.
#  File has not been updated.

test: swatch
#  Phony target (prerequisite of .PHONY).
#  Implicit rule search has not been done.
#  File does not exist.
#  File has not been updated.
#  recipe to execute (from 'Makefile', line 7):
	./swatch ./test.glsl ./test.jpeg

.PHONY: test clean
#  Implicit rule search has not been done.
#  Modification time never checked.
#  File has not been updated.

# files hash-table stats:
# Load=9/1024=1%, Rehash=0, Collisions=0/26=0%
# VPATH Search Paths

# No 'vpath' search paths.

# No general ('VPATH' variable) search path.

# strcache buffers: 1 (0) / strings = 18 / storage = 144 B / avg = 8 B
# current buf: size = 8162 B / used = 144 B / count = 18 / avg = 8 B

# strcache performance: lookups = 30 / hit rate = 40%
# hash-table stats:
# Load=18/8192=0%, Rehash=0, Collisions=0/30=0%
# Finished Make data base on Sat Oct 16 17:19:19 2021

 
